<?xml version="1.0" encoding="UTF-8"?>
<!-- Generated by org.testng.reporters.JUnitXMLReporter -->
<testsuite hostname="bluemoutain" name="Advanced Mappings" tests="16" failures="0" timestamp="19 Dec 2015 20:05:32 GMT" time="1.751" errors="0">
  <testcase name="storeLoadAccessType" time="0.013" classname="org.jpwh.test.advanced.AccessType"/>
  <testcase name="storeLoadInitialPrice" time="0.009" classname="org.jpwh.test.advanced.GeneratedProperties"/>
  <testcase name="storeLoadLastModified" time="0.009" classname="org.jpwh.test.advanced.GeneratedProperties"/>
  <testcase name="storeLoadTransform" time="0.009" classname="org.jpwh.test.advanced.TransformingColumns"/>
  <testcase name="storeAndLoadZipcode" time="0.007" classname="org.jpwh.test.converter.Converters"/>
  <testcase name="storeLoadMonetaryAmount" time="0.017" classname="org.jpwh.test.converter.Converters"/>
  <testcase name="storeLoadLocator" time="0.017" classname="org.jpwh.test.advanced.LazyProperties"/>
  <testcase name="storeLoadProperties" time="0.005" classname="org.jpwh.test.advanced.LazyProperties"/>
  <testcase name="storeLoadOverride" time="0.006" classname="org.jpwh.test.advanced.BooleanOverride"/>
  <testcase name="loadSubselectEntity" time="0.011" classname="org.jpwh.test.advanced.MappedSubselect"/>
  <testcase name="storeLoadMonetaryAmount" time="0.007" classname="org.jpwh.test.converter.UserTypes"/>
  <testcase name="storeAndLoadUsers" time="0.002" classname="org.jpwh.test.advanced.NestedComponents"/>
  <testcase name="storeLoadFormula" time="0.005" classname="org.jpwh.test.advanced.DerivedProperties"/>
  <testcase name="storeLoadFormulaSubselect" time="0.005" classname="org.jpwh.test.advanced.DerivedProperties"/>
  <testcase name="storeLoadTemporal" time="0.004" classname="org.jpwh.test.advanced.Temporal"/>
  <testcase name="storeLoadEnum" time="0.004" classname="org.jpwh.test.advanced.Enum"/>
</testsuite> <!-- Advanced Mappings -->
