<?xml version="1.0" encoding="UTF-8"?>
<!-- Generated by org.testng.reporters.JUnitXMLReporter -->
<testsuite hostname="bluemoutain" name="Complex Schemas" tests="14" failures="0" timestamp="19 Dec 2015 20:05:37 GMT" time="1.456" errors="0">
  <testcase name="storeLoad" time="0.003" classname="org.jpwh.test.complexschemas.CompositeKeyEmbeddedId"/>
  <testcase name="storeLoad" time="0.007" classname="org.jpwh.test.complexschemas.CompositeKeyManyToOne"/>
  <testcase name="storeLoad" time="0.005" classname="org.jpwh.test.complexschemas.CompositeKeyMapsId"/>
  <testcase name="storeLoad" time="0.003" classname="org.jpwh.test.complexschemas.CompositeKeyReadOnly"/>
  <testcase name="configurePersistenceUnit" time="0.0" classname="org.jpwh.test.complexschemas.CustomSchema"/>
  <testcase name="storeLoadCheckColumnInvalid" time="0.002" classname="org.jpwh.test.complexschemas.CustomSchema"/>
  <testcase name="storeLoadCheckSingleRowInvalid" time="0.004" classname="org.jpwh.test.complexschemas.CustomSchema"/>
  <testcase name="storeLoadCheckSubselectValid" time="0.003" classname="org.jpwh.test.complexschemas.CustomSchema"/>
  <testcase name="storeLoadDomainInvalid" time="0.001" classname="org.jpwh.test.complexschemas.CustomSchema"/>
  <testcase name="storeLoadUniqueMultiColumnValid" time="0.002" classname="org.jpwh.test.complexschemas.CustomSchema"/>
  <testcase name="storeLoadValid" time="0.003" classname="org.jpwh.test.complexschemas.CustomSchema"/>
  <testcase name="storeLoad" time="0.006" classname="org.jpwh.test.complexschemas.NaturalForeignKey"/>
  <testcase name="storeLoad" time="0.002" classname="org.jpwh.test.complexschemas.NaturalPrimaryKey"/>
  <testcase name="storeAndLoadUsers" time="0.003" classname="org.jpwh.test.complexschemas.SecondaryTable"/>
</testsuite> <!-- Complex Schemas -->
