<?xml version="1.0" encoding="UTF-8"?>
<!-- Generated by org.testng.reporters.JUnitXMLReporter -->
<testsuite hostname="bluemoutain" name="Concurrency Control" tests="12" failures="0" timestamp="19 Dec 2015 20:05:41 GMT" time="3.691" errors="0">
  <testcase name="extendedLock" time="0.015" classname="org.jpwh.test.concurrency.Locking"/>
  <testcase name="findLock" time="0.009" classname="org.jpwh.test.concurrency.Locking"/>
  <testcase name="pessimisticReadWrite" time="2.025" classname="org.jpwh.test.concurrency.Locking"/>
  <testcase name="firstCommitWins" time="0.005" classname="org.jpwh.test.concurrency.Locking"/>
  <testcase name="forceIncrement" time="0.015" classname="org.jpwh.test.concurrency.Locking"/>
  <testcase name="manualVersionChecking" time="0.02" classname="org.jpwh.test.concurrency.Locking"/>
  <testcase name="firstCommitWins" time="0.005" classname="org.jpwh.test.concurrency.Versioning"/>
  <testcase name="forceIncrement" time="0.011" classname="org.jpwh.test.concurrency.Versioning"/>
  <testcase name="manualVersionChecking" time="0.014" classname="org.jpwh.test.concurrency.Versioning"/>
  <testcase name="firstCommitWins" time="0.005" classname="org.jpwh.test.concurrency.VersioningAll"/>
  <testcase name="firstCommitWins" time="0.005" classname="org.jpwh.test.concurrency.VersioningTimestamp"/>
  <testcase name="autoCommit" time="0.014" classname="org.jpwh.test.concurrency.NonTransactional"/>
</testsuite> <!-- Concurrency Control -->
