<?xml version="1.0" encoding="UTF-8"?>
<!-- Generated by org.testng.reporters.JUnitXMLReporter -->
<testsuite hostname="bluemoutain" name="Conversations" tests="3" failures="0" timestamp="19 Dec 2015 20:05:41 GMT" time="0.256" errors="0">
  <testcase name="businessKeyEquality" time="0.002" classname="org.jpwh.test.conversation.Detached"/>
  <testcase name="conversationCreateItem" time="0.003" classname="org.jpwh.test.conversation.ExtendedPC"/>
  <testcase name="conversationEditItem" time="0.006" classname="org.jpwh.test.conversation.ExtendedPC"/>
</testsuite> <!-- Conversations -->
