<?xml version="1.0" encoding="UTF-8"?>
<!-- Generated by org.testng.reporters.JUnitXMLReporter -->
<testsuite hostname="bluemoutain" name="Custom SQL" tests="4" failures="0" timestamp="19 Dec 2015 20:06:52 GMT" time="2.372" errors="0">
  <testcase name="delete" time="0.013" classname="org.jpwh.test.customsql.CustomSQL"/>
  <testcase name="read" time="0.008" classname="org.jpwh.test.customsql.CustomSQL"/>
  <testcase name="readRestrictedCollection" time="0.005" classname="org.jpwh.test.customsql.CustomSQL"/>
  <testcase name="update" time="0.004" classname="org.jpwh.test.customsql.CustomSQL"/>
</testsuite> <!-- Custom SQL -->
