<?xml version="1.0" encoding="UTF-8"?>
<!-- Generated by org.testng.reporters.JUnitXMLReporter -->
<testsuite hostname="bluemoutain" name="Filtering" tests="8" failures="0" timestamp="19 Dec 2015 20:05:46 GMT" time="2.441" errors="0">
  <testcase name="writeAuditLog" time="0.012" classname="org.jpwh.test.filtering.AuditLogging"/>
  <testcase name="notifyPostPersist" time="0.003" classname="org.jpwh.test.filtering.Callback"/>
  <testcase name="detachMerge" time="0.007" classname="org.jpwh.test.filtering.Cascade"/>
  <testcase name="refresh" time="0.007" classname="org.jpwh.test.filtering.Cascade"/>
  <testcase name="replicate" time="0.004" classname="org.jpwh.test.filtering.Cascade"/>
  <testcase name="filterCollection" time="0.006" classname="org.jpwh.test.filtering.DynamicFilter"/>
  <testcase name="filterItems" time="0.008" classname="org.jpwh.test.filtering.DynamicFilter"/>
  <testcase name="auditLogging" time="0.065" classname="org.jpwh.test.filtering.Envers"/>
</testsuite> <!-- Filtering -->
