<?xml version="1.0" encoding="UTF-8"?>
<!-- Generated by org.testng.reporters.JUnitXMLReporter -->
<testsuite hostname="bluemoutain" name="Inheritance Mappings" tests="24" failures="0" timestamp="19 Dec 2015 20:05:31 GMT" time="4.951" errors="0">
  <testcase name="storeAndLoad" time="0.008" classname="org.jpwh.test.inheritance.Embeddable"/>
  <testcase name="storeBillingDetailsLoadCreditCards" time="0.007" classname="org.jpwh.test.inheritance.Joined"/>
  <testcase name="jdbcBillingDetailsSqlQuery" time="0.008" classname="org.jpwh.test.inheritance.Joined"/>
  <testcase name="jdbcCreditCardSqlQuery" time="0.007" classname="org.jpwh.test.inheritance.Joined"/>
  <testcase name="storeLoadBillingDetails" time="0.007" classname="org.jpwh.test.inheritance.Joined"/>
  <testcase name="storeBillingDetailsLoadCreditCards" time="0.006" classname="org.jpwh.test.inheritance.MappedSuperclass"/>
  <testcase name="jdbcSqlQueryBankAccount" time="0.007" classname="org.jpwh.test.inheritance.MappedSuperclass"/>
  <testcase name="jdbcSqlQueryCreditCard" time="0.008" classname="org.jpwh.test.inheritance.MappedSuperclass"/>
  <testcase name="storeLoadBillingDetails" time="0.005" classname="org.jpwh.test.inheritance.MappedSuperclass"/>
  <testcase name="storeBillingDetailsLoadCreditCards" time="0.006" classname="org.jpwh.test.inheritance.Mixed"/>
  <testcase name="jdbcBillingDetailsSqlQuery" time="0.007" classname="org.jpwh.test.inheritance.Mixed"/>
  <testcase name="storeLoadBillingDetails" time="0.006" classname="org.jpwh.test.inheritance.Mixed"/>
  <testcase name="storeBillingDetailsLoadCreditCards" time="0.009" classname="org.jpwh.test.inheritance.MixedFetchSelect"/>
  <testcase name="jdbcBillingDetailsSqlQuery" time="0.007" classname="org.jpwh.test.inheritance.MixedFetchSelect"/>
  <testcase name="storeLoadBillingDetails" time="0.005" classname="org.jpwh.test.inheritance.MixedFetchSelect"/>
  <testcase name="storeAndLoadItemBids" time="0.009" classname="org.jpwh.test.inheritance.PolymorphicManyToOne"/>
  <testcase name="storeAndLoadItemBids" time="0.028" classname="org.jpwh.test.inheritance.PolymorphicOneToMany"/>
  <testcase name="storeBillingDetailsLoadCreditCards" time="0.007" classname="org.jpwh.test.inheritance.SingleTable"/>
  <testcase name="jdbcBillingDetailsSqlQuery" time="0.006" classname="org.jpwh.test.inheritance.SingleTable"/>
  <testcase name="jdbcCreditCardSqlQuery" time="0.007" classname="org.jpwh.test.inheritance.SingleTable"/>
  <testcase name="storeLoadBillingDetails" time="0.005" classname="org.jpwh.test.inheritance.SingleTable"/>
  <testcase name="storeBillingDetailsLoadCreditCards" time="0.005" classname="org.jpwh.test.inheritance.TablePerClass"/>
  <testcase name="jdbcBillingDetailsSqlQuery" time="0.006" classname="org.jpwh.test.inheritance.TablePerClass"/>
  <testcase name="storeLoadBillingDetails" time="0.005" classname="org.jpwh.test.inheritance.TablePerClass"/>
</testsuite> <!-- Inheritance Mappings -->
