<?xml version="1.0" encoding="UTF-8"?>
<!-- Generated by org.testng.reporters.JUnitXMLReporter -->
<testsuite hostname="bluemoutain" name="Querying" tests="35" failures="0" timestamp="19 Dec 2015 20:06:49 GMT" time="63.593" errors="0">
  <testcase name="createHibernateQueries" time="0.021" classname="org.jpwh.test.querying.CreateExecuteQueries"/>
  <testcase name="createNamedQueries" time="0.011" classname="org.jpwh.test.querying.CreateExecuteQueries"/>
  <testcase name="createQueries" time="0.012" classname="org.jpwh.test.querying.CreateExecuteQueries"/>
  <testcase name="createTypedQueries" time="0.021" classname="org.jpwh.test.querying.CreateExecuteQueries"/>
  <testcase name="executeQueries" time="0.019" classname="org.jpwh.test.querying.CreateExecuteQueries"/>
  <testcase name="namedQueries" time="0.013" classname="org.jpwh.test.querying.CreateExecuteQueries"/>
  <testcase name="pagination" time="0.014" classname="org.jpwh.test.querying.CreateExecuteQueries"/>
  <testcase name="parameterBinding" time="0.018" classname="org.jpwh.test.querying.CreateExecuteQueries"/>
  <testcase name="queryHints" time="0.01" classname="org.jpwh.test.querying.CreateExecuteQueries"/>
  <testcase name="executeQueries" time="0.022" classname="org.jpwh.test.querying.jpql.Joins"/>
  <testcase name="executeQueries" time="0.019" classname="org.jpwh.test.querying.sql.HibernateSQLQueries"/>
  <testcase name="executeRecursiveQueries" time="0.011" classname="org.jpwh.test.querying.sql.HibernateSQLQueries"/>
  <testcase name="executeQueries" time="0.015" classname="org.jpwh.test.querying.jpql.Projection"/>
  <testcase name="executeQueriesWithFunctions" time="0.01" classname="org.jpwh.test.querying.jpql.Projection"/>
  <testcase name="queryItems" time="0.011" classname="org.jpwh.test.querying.sql.JDBCFallback"/>
  <testcase name="executeQueries" time="0.017" classname="org.jpwh.test.querying.jpql.Selection"/>
  <testcase name="executeQueries" time="0.011" classname="org.jpwh.test.querying.jpql.Grouping"/>
  <testcase name="executeQueries" time="0.03" classname="org.jpwh.test.querying.criteria.Joins"/>
  <testcase name="executeQueries" time="0.021" classname="org.jpwh.test.querying.criteria.Projection"/>
  <testcase name="executeQueriesWithFunctions" time="0.008" classname="org.jpwh.test.querying.criteria.Projection"/>
  <testcase name="executeQueries" time="0.019" classname="org.jpwh.test.querying.jpql.Restriction"/>
  <testcase name="executeQueriesWithFunctions" time="0.012" classname="org.jpwh.test.querying.jpql.Restriction"/>
  <testcase name="executeQueries" time="0.016" classname="org.jpwh.test.querying.criteria.Selection"/>
  <testcase name="executeQueries" time="0.011" classname="org.jpwh.test.querying.jpql.Subselects"/>
  <testcase name="executeQueries" time="0.013" classname="org.jpwh.test.querying.criteria.Grouping"/>
  <testcase name="executeQueries" time="0.031" classname="org.jpwh.test.querying.criteria.Restriction"/>
  <testcase name="executeQueriesWithFunctions" time="0.01" classname="org.jpwh.test.querying.criteria.Restriction"/>
  <testcase name="executeQueries" time="0.013" classname="org.jpwh.test.querying.criteria.Subselects"/>
  <testcase name="executeQueries" time="0.018" classname="org.jpwh.test.querying.advanced.FilterCollections"/>
  <testcase name="executeQueries" time="0.169" classname="org.jpwh.test.querying.advanced.HibernateCriteria"/>
  <testcase name="foo" time="0.011" classname="org.jpwh.test.querying.advanced.HibernateCriteria"/>
  <testcase name="executeQueries" time="0.011" classname="org.jpwh.test.querying.advanced.TransformResults"/>
  <testcase name="executeQueries" time="0.017" classname="org.jpwh.test.querying.sql.NativeQueries"/>
  <testcase name="executeRecursiveQueries" time="0.011" classname="org.jpwh.test.querying.sql.NativeQueries"/>
  <testcase name="executeQueries" time="0.01" classname="org.jpwh.test.querying.criteria.Typesafe"/>
</testsuite> <!-- Querying -->
