<?xml version="1.0" encoding="UTF-8"?>
<!-- Generated by org.testng.reporters.JUnitXMLReporter -->
<testsuite hostname="bluemoutain" name="Scaling" tests="17" failures="0" timestamp="19 Dec 2015 20:07:04 GMT" time="12.415" errors="0">
  <testcase name="batchInsertUpdate" time="6.729" classname="org.jpwh.test.bulkbatch.BatchInsertUpdate"/>
  <testcase name="batchInsertUpdateWithStatelessSession" time="3.317" classname="org.jpwh.test.bulkbatch.BatchInsertUpdate"/>
  <testcase name="bulkDelete" time="0.017" classname="org.jpwh.test.bulkbatch.BulkStatementsCriteria"/>
  <testcase name="bulkUpdate" time="0.01" classname="org.jpwh.test.bulkbatch.BulkStatementsCriteria"/>
  <testcase name="bulkUpdateVersioned" time="0.006" classname="org.jpwh.test.bulkbatch.BulkStatementsCriteria"/>
  <testcase name="cacheBehavior" time="0.08" classname="org.jpwh.test.cache.SecondLevel"/>
  <testcase name="cacheControl" time="0.01" classname="org.jpwh.test.cache.SecondLevel"/>
  <testcase name="cacheModes" time="0.013" classname="org.jpwh.test.cache.SecondLevel"/>
  <testcase name="cacheNaturalId" time="0.012" classname="org.jpwh.test.cache.SecondLevel"/>
  <testcase name="cacheQueryResults" time="0.017" classname="org.jpwh.test.cache.SecondLevel"/>
  <testcase name="bulkUpdate" time="0.008" classname="org.jpwh.test.bulkbatch.BulkStatementsSQL"/>
  <testcase name="bulkUpdateHibernate" time="0.028" classname="org.jpwh.test.bulkbatch.BulkStatementsSQL"/>
  <testcase name="bulkDelete" time="0.009" classname="org.jpwh.test.bulkbatch.BulkStatementsJPQL"/>
  <testcase name="bulkInsert" time="0.012" classname="org.jpwh.test.bulkbatch.BulkStatementsJPQL"/>
  <testcase name="bulkUpdate" time="0.007" classname="org.jpwh.test.bulkbatch.BulkStatementsJPQL"/>
  <testcase name="bulkUpdateInheritance" time="0.007" classname="org.jpwh.test.bulkbatch.BulkStatementsJPQL"/>
  <testcase name="bulkUpdateVersioned" time="0.005" classname="org.jpwh.test.bulkbatch.BulkStatementsJPQL"/>
</testsuite> <!-- Scaling -->
